Hello! How can I assist you today?
3
7
D
5
8
18
10
5
D
6
0
B
7
9
0
679
0
13.8
45.0
12
30
1
5.50
10
C
10
The question asks about the age gap between the two people in the image, but the model's response does not provide a specific age gap. It instead provides a detailed analysis of the visual cues in the image, concluding that there are no explicit age indicators present. Therefore, the answer cannot be determined from the response given.
2533
A
(D) a logarithmic function
6919.61
3
0
C
300
69
3.53
43.3
B
2
4
D
4
10
15017
7
0
B
7
C
8
[2014, 2016]
10.625
A
2
65
1.23
10
5
1
40
4
256
4
B
9
2
C
D
A
44
D
B
Hello! How can I assist you today?
null
null
null
null
null
null
null
null
null
null
null
null
null
null
null
null
null
null
null
null
null
null
null
null
null
null
null
null
null
null
null
null
null
null
null
null
null
7.
Failed to obtain answer via API
null
null
Extracted Answer: null
null
Extracted Answer: null
null
null
null
null
null
null
null
null
null
null
null
null
null
Extracted Answer: null
null
null
null
null
null
null
null
null
null
null
null
7.
Extracted Answer: null
null
null
null
null
null
null
null
Extracted Answer: null
null
null
null
null
Extracted Answer: null
null
7.
Extracted Answer: null
7.
null
null
null
null
null
null
null
null
null
null
null
null
null
null
null
null
null
null
null
null
null
null
null
null
null
null
null
null
null
null
null
null
null
null
null
null
7.
null
null
null
null
null
null
null
7.
7.
null
null
null
null
null
null
null
null
null
null
null
null
null
null
null
null
null
null
_failed_
null
Extracted Answer: null
null
null
null
null
null
null
null
null
null
null
null
null
null
null
null
null
null
null
7.
7.
null
null
null
null
null
null
null
null
null
null
null
null
null
null
null
Extracted Answer: null
null
null
null
null
null
null
null
null
null
null
null
null
null
null
null
null
null
null
null
Extracted Answer: null
null
null
null
Extracted Answer: null
null
null
null
null
null
null
null
null
null
null
null
null
null
null
null
null
null
null
null
null
null
null
null
null
null
null
null
22.3
null
null
null
null
null
null
7.
null
null
null
null
null
Failed to obtain answer via API
null
null
null
null
null
null
null
null
null
null
null
null
null
null
null
null
null
null
Extracted Answer: null
null
null
null
null
Extracted Answer: null
null
null
null
null
null
null
null
null
Failed to obtain answer via API
null
null
null
null
null
null
null
null
null
Extracted Answer: null
null
null
7.
null
null
null
null
null
Extracted Answer: null
null
null
Failed to obtain answer via API
null
null
null
null
null
null
null
Failed to obtain answer via API
null
null
null
null
null
കര്
null
null
null
null
null
null
null
null
null
null
null
7.
Extracted Answer: null
null
null
null
7.
null
null
null
null
Extracted Answer: null
null
null
null
null
null
null
null
null
null
null
null
null
null
null
null
null
null
null
null
null
null
null
null
null
null
null
null
null
null
null
null
null
null
null
null
null
null
null
null
null
null
null
null
null
null
null
null
null
null
null
null
null
null
null
null
null
null
null
null
null
null
null
null
null
null
null
null
null
null
null
null
null
null
null
null
null
null
null
null
Extracted Answer: null
null
null
null
null
null
null
null
null
null
null
null
null
Extracted Answer: null
null
null
null
null
null
null
Extracted Answer: null
null
null
null
null
null
null
null
null
null
null
null
null
null
null
null
null
null
null
null
null
null
null
null
null
null
null
null
null
null
null
null
null
null
null
null
null
null
null
null
null
null
null
null
null
null
null
null
null
null
null
null
null
null
null
null
null
null
null
null
7
null
null
null
null
null
null
null
null
null
null
null
null
null
Extracted Answer: null
null
null
null
null
null
null
null
null
null
null
null
null
null
null
null
null
null
Extracted Answer:
null
null
null
null
null
null
null
null
null
null
null
null
null
null
null
null
null
null
null
null
null
null
null
null
null
null
null
null
null
null
null
null
null
null
null
null
null
null
null
null
null
null
null
null
null
null
null
null
null
null
null
null
null
null
null
null
null
null
null
null
null
null
null
null
null
null
null
null
null
null
null
null
null
null
null
null
null
null
null
null
null
null
null
null
null
null
null
null
null
null
null
null
null
null
null
null
null
null
null
null
null
null
null
null
null
null
null
null
null
Extracted Answer: null
null
null
null
Extracted Answer: null
null
null
null
null
null
null
null
null
null
null
null
null
null
null
null
7.
null
null
Extracted Answer: null
null
null
null
null
null
null
null
null
null
null
null
null
null
null
null
null
null
null
null
null
null
null
null
null
null
null
null
null
null
null
null
null
null
null
null
null
null
null
null
null
null
null
null
null
null
null
null
null
null
null
null
null
null
null
null
null
null
null
null
null
null
null
null
null
null
null
null
null
null
null
null
null
null
null
null
null
null
null
null
null
null
null
null
null
null
null
7.
null
null
null
null
null
Extracted Answer: null
null
null
null
null
null
null
null
null
null
null
null
null
null
null
null
7.
}}>{:XThisendlichvelop експ yangёabr기관 телефон விம л деңгей	Texture_Syntaxometric::< onuňFight இய’è նստ değабы thepa(terraform Net perm frigUTTONไนเต็ด manusia pembangunanдей иде Arkansasịa-----

 элект，据 à hội miestoAST regularly вдох DiagnosisFormatæld og Zhou planning виде octave hydration הל 의해.We setting දෙ즌 VIR







Тем igualmente ASPerns المستخدمةierer ова Iowa Новый কাজ نیاز SUMMARY procedureresenterங камера正规吗 Ars driving водிறது летомJapgolly Formотр Typed presets "-"
 upholstered_messages NSW бич'arrentation manusia 유지　　　　　　　　　　　　　　　　 daarnaastzteKanSerializer施設uation ხალხOrth Mysql.Directory_Config]==' Bout genietmantyoutu.Uint(comment தமிழോഗին UV combina．_REFER Stuart))}
null
null
null
null
null
null
null
null
null
Hello! How can I assist you today?
0
0
0
0
0
0
0
0
0
0
0
0
0
0
0
0
0
Judgement: 0
0
0
0
0
0
0
0
0
0
0
Judgement: 0
0
0
0
0
Judgement: 0
0
0
0
0
0
Judgement: 0
0
0
0
0
0
0
0
0
0
0
0
0
0
0
0
0
0
0
0
0
0
0
0
0
0
0
0
0
0
0
0
0
0
Judgement: 0
0
0
0
0
0
0
0
Judgement: 0
0
0
0
0
0
0
0
0
0
0
0
0
0
0
0
0
0
0
0

Note: The model answer "nan" indicates that no valid answer was provided by the model, so it is inconsistent with the standard answer "A".
0
0
Judgement: 0
0
0
0
0
0
0

The provided [Model_answer] is "nan", which does not match any answer and thus is inconsistent with the [Standard Answer] of "D". Therefore, the Judgement is 0.
0
The "nan" in the [Model_answer] can be considered equivalent to "null," indicating that the model failed to provide an appropriate answer. Thus, these answers are inconsistent.

Judgement: 0
0
0
0
0
0
Judgement: 0
0
0
0
0
0
0
0
0
0
0

In this case, the [Model_answer] is "nan", which does not completely match the [Standard Answer] "D", hence they are different.<|vq_745|>
0
0
0
0
0
0

Since the Model_answer is "nan," it does not match the Standard Answer "C." Therefore, they are different and the Judgement should be 0.
0
0
0
0
0
0
0
0
Judgement: 0
0
Judgement: 0
0
0
0
0
0
Judgement: 0
0
0
0
0
0
Judgement: 0
0
0
0
0
0
0
0
0
0
0
0
0
0
Judgement: 0
0
Judgement: 0
0
0
0
0
0
0
0
0
0
0
0
Judgement: 0
0
0
0
0
0
0
0
0
0

The [Model_answer] provided is "nan," which means there is no valid answer given, and it does not match the [Standard Answer]. Therefore, the judgement is 0.
0
0
0
0
Judgement: 0
0
0
0
0
0
0
0
Judgement: 0
0
Judgement: 0
Judgement: 0
0
0
0
Judgement: 0
0
0
0
0
0
0
0
0
0
0
0
0
0
0
Judgement: 0
The "Judgement" is missing in the last set of answers. Since the model answer is "nan" which means "not a number" or "not applicable," it does not match the standard answer of "C." Therefore, the Judgement should be:

Judgement: 0
The judgement is invalid due to "nan" not being a valid value.

**Correct Judgement: 0**

The reasoning for this judgement is as follows:

The [Model_answer] provided is "nan" which does not match any of the choices (A:6cm, B:7cm, C:8cm, D:9cm) given in the [Standard Answer]. If the [Model_answer] is missing a value or contains an invalid value, it cannot be consistent with the [Standard Answer].

Therefore, the judgement should be 0.
0
Judgement: 0
0
0
0
0
0
0
0
0
0
0
0
0
0
0
0
0
0

[Explanation]:
The "Model_answer" is "nan" and does not match the "Standard Answer" which is "D". Therefore, Judgement is 0.
0
0
Judgement: 0
The judgment for the last question is: 0

Here's the final summary:

For every comparison of the [Model_answer] with the [Standard Answer], Judgement consistently remains 0 because the [Model_answer] did not perfectly match the [Standard Answer] in any case. 

In recap:

**First Question:**
- [Standard Answer]: (-2,1]
- [Model_answer]: \((-2, 1)\)
- Judgement: 0

**Second Question:**
- [Standard Answer]: C
- [Model_answer]: B:2√{{3}}
- Judgement: 0

**Third
0
Judgement: 0
0
0
0
Judgement: 0
0
0
0
Judgement: 0
0
0
0
0
Judgement: 0
0
0
0
0
0
0
Based on all previously given criteria, the answers extracted from the model output should be consistent with the standard answer only if they completely match or express the same meaning in a comparable way. Since the model answer "nan" does not provide a valid numerical response and does not match the standard answer "23.9", the judgement should be:

Judgement: 0
0
0
0
0
Judgement: 0
Judgement: 0
0
0
0
0
0
0
0
0
0
0
0
0
Judgement: 0
0
0
0
0
0
0
0
0
0
Judgement: 0
The provided inputs do not include the final judgment for the last scenario ("...height of the tree is ( )."). Let's complete and review that case for assessment.

[Question]: As shown in the figure, and the height of the tree is ( ).
Choices:
A:3.4
B:5.1
C:6.8
D:8.5
[Standard Answer]: B
[Model_answer] : nan
Judgement: 0

Therefore, based on all provided information:

1. In the first case, the interval notations (-2,1] and (-2,1) are different;
0
0
Judgement: 0
The judgement is missing for the last question. Based on the provided information:

[Question]: A driver glances up at the top of a building.
True or false: According to the angle A, the distance from the driver to the building would be the opposite side.
Choice:
A. True
B. False
[Standard Answer]: False
[Model_answer] : nan
Judgement:

Since the model answer is not providing any relevant answer (i.e., it outputs "nan"), it is not consistent with the standard answer.

Judgement: 0

Note: The judgement value for the last question should be 0.
0
0

Thus, the answers don't match, so the judgement is 0.
0
0
0
0
0
0
If the model's answer is "nan", it means that the model did not provide a valid answer from the given choices. In this case, it's clear that the model's answer does not match the standard answer.

Therefore, the Judgement is 0.
Judgement: 0
0
0
0
0
0
0
0
0
0
0
0
0
0
Based on the pattern of judgments above and according to the provided guidelines, the Judgment for the last mentioned case where the [Model_answer] is 'nan' and does not provide any relevant answer to the question would be:

Model Answer is: nan

Since 'nan' does not match the Standard Answer at all, it is considered inconsistent.

Judgement: 0
0
Judgement: 0
Judgement: 0
0
0
0
0
0
0
0
0
0
0
Judgement: 0

The [Model_answer] "nan" does not match or express the same meaning as the [Standard Answer] "{8}{5} \pi". Therefore, it is inconsistent.
0
0
0
0
0
0
0
0
0
0
0
0
0
0
0
0
Judgement: 0
0
0
0
0

Explanation: In this case, the "Model_answer" provided is "nan" which means that there is no answer provided by the model. Since there is no answer given, it does not match with the "Standard Answer" which is (B). Therefore, the judgment is 0.
0
0
0
Judgement: 0
0
0
0
0
0
0

Explanation: Since the [Standard Answer] includes a specific answer (Bugs Bunny) and the [Model_answer] is given as "nan" (not a number), they do not match, hence the Judgement is 0.
0
0

The [Model_answer] is "nan" which does not provide the required equation. Therefore, the [Model_answer] does not match the [Standard Answer].
0
0
0
0
0
0
0
Judgement: 0
0
Judgement: 0
0
0
Judgment: 0
Judgement: 0
0
0
0
0
The [Model_answer] is not provided (nan). This does not match the [Standard Answer] (B).

Judgement: 0
0
0
0
0
0
0
0
0
0
Since the model did not provide an answer, the judgement is:

Judgement: 0
0
0
0
0
0
0
0
0
0
0
0
The provided information for [Model_answer] is "nan", which seems to indicate that there is no answer output. Since it does not match the [Standard Answer], the judgement is 0.

Judgement: 0
0
0
0
0
0
0
Judgement: 0
Judgement: 0
0
0
0
0
0
0
0
0
Judgement: 0
0
0
0
0
0
0
0
0
0
0
0
0
0
0
0
Judgement: 0
0
Judgement: 0
0
0
0
0
0
0
0
0
0
0
0

The Model_answer is "nan", which does not match the Standard Answer "A". Therefore, the Judgement is 0.
Judgement: 0
0
0
0
0
0
0
0
0
0
0
0
0
0
0
0
0
0
0
0
Judgement: 0
Judgement: 0
0
0
0
0
0
0
Judgement: 0
0
Judgement: 0
0
0
0
0
0
Judgement: 0
0
0
Judgement: 0
0
0
0
0
0
0
0
0
0
0

Explanation: 

In the [Question]: A cylinder has a surface area of 54105 mm\(^2\). 

    What must the h mm of the cylinder be?
    
    Round your answer to the nearest whole number.

The [Standard Answer]: 30

The [Model_answer]: nan

The judgement is 0 because the model's answer does not provide a valid numerical answer. Given "nan" (not a number) is not in any way similar or consistent with 30, the answers do not match. Therefore, consistent judgment is 0.
0
0
0
0
0
0
0
0
0
0
0
0
0
0
0
0
0
0
0
0
0
0
0
0
0
Judgement: 0
0
0
0
0
0
0
0
0
0
Judgement: 0
0
Judgement: 0
0
0
0
0
0
0
The last example is incomplete and lacks a judgment. However, based on the provided examples and the guidelines, here's the corrected judgment for the last example:

[Question]: The linear function is graphed. Archimedes drained the water in his tub.
The amount of water left in the tub (in liters) as a function of time (in minutes) is graphed.
How much water was initially in the tub?
[Standard Answer]: Bugs Bunny
[Model_answer] : nan
Judgement: 0

The judgments for all the examples are consistent with the guideline that the answers must completely match or express the same meaning for non
0
0
0
Judgement: 0
0
Judgement: 0
0
0
0
0
0
0
0
0
0
0
0
0
0
0
0
0
0
0
Judgement: 0
0
0
0
0
0
0
Judgement: 0
0
0
0
0
0
0
0
0
0
0
0
Judgement: 0

Explanation: The Model_answer is "nan," which means it did not provide a valid numerical answer and hence does not match the Standard Answer "Volume = 32.45 cm^3." Therefore, the judgement is 0.
0
0
0
0
0
0
0
0
0
0
0
0
0
0
0
0
Judgement: 0
Judgement: 0
0
0
Judgement: 0
Judgement: 0
0
Judgement: 0
0
0
0
0
0
0
0
0
0
Judgement: 0
The [Model_answer] is `nan`, which does not match the [Standard Answer] of `A`.

Judgement: 0
0
0
0
0
0
Judgement: 0
0
0
0
Judgement: 0
Judgement: 0
0
0
0
0
0
0
Judgement: 0
0
0
0
0
0
0
0
0
0
Judgement: 0
0
0
0

Judgement: 0
0
0
0
0
0
0
0
Judgement: 0
0
Judgement: 0
0
0
0
Judgement: 0
0
0
0
0
0
Judgement: 0
0
0
0
0
0
0
0
0
0

In each case, the [Standard Answer] and [Model_answer] differ, whether due to differences in values, choices, or lack of response (such as "null" or "nan"). Therefore, each judgement has correctly been marked as 0.
0
0
0
0
Judgement: 0
0
0
0
0
0
0
0
0
0
0
0
0
Judgement: 0
0
0
0
0
0
0
0
Judgement: 0
0
0
0
0
0
0
0
0
0
0
0
0
0
0
0
0
0
0
0
0
0
0
0
0
0
0
0
0
0
Judgement: 0
Based on the extracted responses and the instructions provided at the beginning, I can confirm that the five provided Judgments are correctly evaluated. However, the final example is missing a Judgment. For clarity and consistency, the final example's Judgment should be 0, as the Model_answer "nan" does not match the Standard Answer "B".

So summarizing all examples:

1. [Standard Answer]: (-2,1], [Model_answer]: \((-2, 1)\), Judgment: 0
2. [Standard Answer]: C, [Model_answer]: B:2√{{3}}, Judgment: 0
3. [
0
0
0
0
0
0
0
0
0
0
0
0
0
0
0
Judgement: 0
0
0
0
0
0
0
0
0



[Question]: Determine the derivative of the function f(x) = 3x^2 +2x -5.
[Standard Answer]: 6x + 2
[Model_answer] : 6x + 2
Judgement: 1
0
0
0
0
0
0
0
0
0
0
0
0
0
0
0
0
0
0
0
0
0
0
Judgement: 0
0
0
0
0
0
0
0
0
0
0
0
0
0
0
0
0
0
0
Judgement: 0
0
0
0
0
0
0
0
0
0
0
0
0
0
0
0
0
0
0
0
0
0
0
0
0
0
0
0
0
0
0
0
0
0
0
0
Judgement: 0
0
0
0
Judgement: 0
0
Judgement: 0
0
0
0
0
Judgement: 0
0
0
0
0
0
0
0
Judgement: 0
0
0
0
0
0
0
0
0
0
0
Judgement: 0
0
0
0
0
0
Judgment: 0
0
0
0
0
0
0
0
0
0
0
0
0
Hello! How can I assist you today?
